<?xml version="1.0" encoding="UTF-8"?>
<!-- Generated by org.testng.reporters.JUnitReportReporter -->
<testsuite hostname="My_Dell" failures="0" tests="3" name="TestNGPractice.TestNGBasics" time="0.010" errors="0" timestamp="2023-11-08T21:29:28 EST" skipped="0">
  <testcase classname="TestNGPractice.TestNGBasics" name="googleLogoTest" time="0.007"/>
  <system-out/>
  <testcase classname="TestNGPractice.TestNGBasics" name="searchTest" time="0.002"/>
  <system-out/>
  <testcase classname="TestNGPractice.TestNGBasics" name="googleTitleTest" time="0.001"/>
  <system-out/>
</testsuite> <!-- TestNGPractice.TestNGBasics -->
