<?xml version="1.0" encoding="UTF-8"?>
<!-- Generated by org.testng.reporters.JUnitReportReporter -->
<testsuite hostname="My_Dell" failures="0" tests="6" name="TestNGPractice.TestNGBasics2" time="11.267" errors="0" timestamp="2023-11-08T22:55:34 EST" skipped="0">
  <testcase classname="TestNGPractice.TestNGBasics2" name="googleTitletest" time="2.505"/>
  <system-out/>
  <testcase classname="TestNGPractice.TestNGBasics2" name="gmailLinkTest" time="1.813"/>
  <system-out/>
  <testcase classname="TestNGPractice.TestNGBasics2" name="googleLogoTest" time="2.048"/>
  <system-out/>
  <testcase classname="TestNGPractice.TestNGBasics2" name="test1" time="1.629"/>
  <system-out/>
  <testcase classname="TestNGPractice.TestNGBasics2" name="test2" time="1.693"/>
  <system-out/>
  <testcase classname="TestNGPractice.TestNGBasics2" name="test3" time="1.579"/>
  <system-out/>
</testsuite> <!-- TestNGPractice.TestNGBasics2 -->
