<?xml version="1.0" encoding="UTF-8"?>
<!-- Generated by org.testng.reporters.JUnitReportReporter -->
<testsuite hostname="My_Dell" failures="0" tests="2" name="TestNG.Testn" time="0.018" errors="0" timestamp="2023-11-08T12:31:06 EST" skipped="0">
  <testcase classname="TestNG.Testn" name="validcase" time="0.016"/>
  <system-out/>
  <testcase classname="TestNG.Testn" name="invalidcase" time="0.002"/>
  <system-out/>
</testsuite> <!-- TestNG.Testn -->
