<?xml version="1.0" encoding="UTF-8"?>
<!-- Generated by org.testng.reporters.JUnitReportReporter -->
<testsuite hostname="My_Dell" failures="0" tests="4" name="TestNGPractice.DataDrivenTestExcel" time="4.442" errors="0" timestamp="2023-11-09T18:40:46 EST" skipped="0">
  <testcase classname="TestNGPractice.DataDrivenTestExcel" name="loginTest" time="0.488"/>
  <system-out/>
  <testcase classname="TestNGPractice.DataDrivenTestExcel" name="loginTest" time="0.482"/>
  <system-out/>
  <testcase classname="TestNGPractice.DataDrivenTestExcel" name="loginTest" time="2.963"/>
  <system-out/>
  <testcase classname="TestNGPractice.DataDrivenTestExcel" name="loginTest" time="0.509"/>
  <system-out/>
</testsuite> <!-- TestNGPractice.DataDrivenTestExcel -->
