<?xml version="1.0" encoding="UTF-8"?>
<!-- Generated by org.testng.reporters.JUnitReportReporter -->
<testsuite hostname="My_Dell" failures="0" tests="4" name="TestNGPractice.DataDrivenTestExcel9" time="5.675" errors="0" timestamp="2023-11-10T19:17:27 EST" skipped="0">
  <testcase classname="TestNGPractice.DataDrivenTestExcel9" name="loginTest" time="0.481"/>
  <system-out/>
  <testcase classname="TestNGPractice.DataDrivenTestExcel9" name="loginTest" time="0.536"/>
  <system-out/>
  <testcase classname="TestNGPractice.DataDrivenTestExcel9" name="loginTest" time="0.523"/>
  <system-out/>
  <testcase classname="TestNGPractice.DataDrivenTestExcel9" name="loginTest" time="4.135"/>
  <system-out/>
</testsuite> <!-- TestNGPractice.DataDrivenTestExcel9 -->
