<?xml version="1.0" encoding="UTF-8"?>
<!-- Generated by org.testng.reporters.JUnitReportReporter -->
<testsuite hostname="My_Dell" failures="0" tests="3" name="TestNG.TestNGParametrization" time="9.791" errors="0" timestamp="2023-11-08T17:16:59 EST" skipped="0">
  <testcase classname="TestNG.TestNGParametrization" name="display" time="2.969"/>
  <system-out/>
  <testcase classname="TestNG.TestNGParametrization" name="display" time="2.972"/>
  <system-out/>
  <testcase classname="TestNG.TestNGParametrization" name="display" time="3.850"/>
  <system-out/>
</testsuite> <!-- TestNG.TestNGParametrization -->
