<?xml version="1.0" encoding="UTF-8"?>
<!-- Generated by org.testng.reporters.JUnitReportReporter -->
<testsuite hostname="My_Dell" failures="0" tests="2" name="TestNG.OrderofExecution" time="0.025" errors="0" timestamp="2024-01-21T16:06:37 EST" skipped="0">
  <testcase classname="TestNG.OrderofExecution" name="testMethod1" time="0.015"/>
  <system-out/>
  <testcase classname="TestNG.OrderofExecution" name="testMethod2" time="0.010"/>
  <system-out/>
</testsuite> <!-- TestNG.OrderofExecution -->
