<?xml version="1.0" encoding="UTF-8"?>
<!-- Generated by org.testng.reporters.JUnitReportReporter -->
<testsuite hostname="My_Dell" failures="0" tests="2" name="TestNG.TestngAnnotations" time="8.158" errors="0" timestamp="2023-11-08T17:16:59 EST" skipped="0">
  <testcase classname="TestNG.TestngAnnotations" name="validcase" time="5.487"/>
  <system-out/>
  <testcase classname="TestNG.TestngAnnotations" name="invalidcase" time="2.671"/>
  <system-out/>
</testsuite> <!-- TestNG.TestngAnnotations -->
