<?xml version="1.0" encoding="UTF-8"?>
<!-- Generated by org.testng.reporters.JUnitReportReporter -->
<testsuite hostname="My_Dell" failures="0" tests="2" name="TestNG.Testn1" time="18.028" errors="0" timestamp="2023-11-08T13:00:19 EST" skipped="0">
  <testcase classname="TestNG.Testn1" name="validcase" time="6.037"/>
  <system-out/>
  <testcase classname="TestNG.Testn1" name="invalidcase" time="11.991"/>
  <system-out/>
</testsuite> <!-- TestNG.Testn1 -->
